mode: set
github.com/techievee/deputy/sets/sets.go:9.48,10.20 1 1
github.com/techievee/deputy/sets/sets.go:13.2,14.9 2 1
github.com/techievee/deputy/sets/sets.go:17.2,17.10 1 1
github.com/techievee/deputy/sets/sets.go:10.20,12.3 1 1
github.com/techievee/deputy/sets/sets.go:14.9,16.3 1 1
github.com/techievee/deputy/sets/sets.go:21.30,23.2 1 1
github.com/techievee/deputy/sets/sets.go:26.47,28.8 2 1
github.com/techievee/deputy/sets/sets.go:31.2,31.11 1 1
github.com/techievee/deputy/sets/sets.go:28.8,30.3 1 1
github.com/techievee/deputy/sets/sets.go:35.44,38.2 2 1
github.com/techievee/deputy/sets/sets.go:41.39,43.25 2 1
github.com/techievee/deputy/sets/sets.go:46.2,46.14 1 1
github.com/techievee/deputy/sets/sets.go:43.25,45.3 1 1
github.com/techievee/deputy/sets/sets.go:50.33,52.2 1 1
github.com/techievee/deputy/data/data.go:30.62,35.16 3 1
github.com/techievee/deputy/data/data.go:38.2,39.16 2 1
github.com/techievee/deputy/data/data.go:43.2,50.15 2 1
github.com/techievee/deputy/data/data.go:35.16,37.3 1 0
github.com/techievee/deputy/data/data.go:39.16,41.3 1 0
github.com/techievee/deputy/data/data.go:55.34,64.42 4 0
github.com/techievee/deputy/data/data.go:68.2,68.12 1 0
github.com/techievee/deputy/data/data.go:64.42,66.3 1 0
github.com/techievee/deputy/data/data.go:74.36,82.16 5 1
github.com/techievee/deputy/data/data.go:87.2,87.17 1 1
github.com/techievee/deputy/data/data.go:107.2,108.16 2 1
github.com/techievee/deputy/data/data.go:112.2,112.25 1 1
github.com/techievee/deputy/data/data.go:116.2,116.12 1 1
github.com/techievee/deputy/data/data.go:82.16,84.3 1 0
github.com/techievee/deputy/data/data.go:87.17,91.17 3 1
github.com/techievee/deputy/data/data.go:95.3,95.55 1 1
github.com/techievee/deputy/data/data.go:103.3,103.40 1 1
github.com/techievee/deputy/data/data.go:91.17,93.4 1 0
github.com/techievee/deputy/data/data.go:95.55,97.37 2 0
github.com/techievee/deputy/data/data.go:100.4,100.32 1 0
github.com/techievee/deputy/data/data.go:97.37,99.5 1 0
github.com/techievee/deputy/data/data.go:108.16,110.3 1 0
github.com/techievee/deputy/data/data.go:112.25,115.3 2 1
github.com/techievee/deputy/data/data.go:120.36,129.16 5 1
github.com/techievee/deputy/data/data.go:134.2,134.17 1 1
github.com/techievee/deputy/data/data.go:155.2,156.16 2 1
github.com/techievee/deputy/data/data.go:160.2,160.25 1 1
github.com/techievee/deputy/data/data.go:164.2,164.12 1 1
github.com/techievee/deputy/data/data.go:129.16,131.3 1 0
github.com/techievee/deputy/data/data.go:134.17,138.17 3 1
github.com/techievee/deputy/data/data.go:143.3,143.55 1 1
github.com/techievee/deputy/data/data.go:151.3,151.40 1 1
github.com/techievee/deputy/data/data.go:138.17,140.4 1 0
github.com/techievee/deputy/data/data.go:143.55,145.37 2 0
github.com/techievee/deputy/data/data.go:148.4,148.32 1 0
github.com/techievee/deputy/data/data.go:145.37,147.5 1 0
github.com/techievee/deputy/data/data.go:156.16,158.3 1 0
github.com/techievee/deputy/data/data.go:160.25,163.3 2 1
github.com/techievee/deputy/data/users/users.go:19.37,28.36 6 1
github.com/techievee/deputy/data/users/users.go:36.2,36.25 1 1
github.com/techievee/deputy/data/users/users.go:28.36,30.30 2 1
github.com/techievee/deputy/data/users/users.go:30.30,33.4 2 1
github.com/techievee/deputy/data/roles/roles.go:19.37,28.36 6 1
github.com/techievee/deputy/data/roles/roles.go:36.2,36.25 1 1
github.com/techievee/deputy/data/roles/roles.go:28.36,30.30 2 1
github.com/techievee/deputy/data/roles/roles.go:30.30,33.4 2 1
github.com/techievee/deputy/invertedIndex/invertedIndex.go:16.40,22.2 2 1
github.com/techievee/deputy/invertedIndex/invertedIndex.go:25.86,26.66 1 0
github.com/techievee/deputy/invertedIndex/invertedIndex.go:31.2,31.12 1 0
github.com/techievee/deputy/invertedIndex/invertedIndex.go:26.66,27.44 1 0
github.com/techievee/deputy/invertedIndex/invertedIndex.go:27.44,29.4 1 0
github.com/techievee/deputy/invertedIndex/invertedIndex.go:35.73,36.66 1 1
github.com/techievee/deputy/invertedIndex/invertedIndex.go:39.2,39.12 1 0
github.com/techievee/deputy/invertedIndex/invertedIndex.go:36.66,38.3 1 1
github.com/techievee/deputy/invertedIndex/invertedIndex.go:43.87,46.61 1 1
github.com/techievee/deputy/invertedIndex/invertedIndex.go:51.2,51.70 1 1
github.com/techievee/deputy/invertedIndex/invertedIndex.go:46.61,48.3 1 1
github.com/techievee/deputy/invertedIndex/invertedIndex.go:51.70,53.3 1 1
github.com/techievee/deputy/utilities/clear_screen.go:12.13,16.26 2 1
github.com/techievee/deputy/utilities/clear_screen.go:22.2,22.28 1 1
github.com/techievee/deputy/utilities/clear_screen.go:28.2,28.27 1 1
github.com/techievee/deputy/utilities/clear_screen.go:16.26,20.3 3 0
github.com/techievee/deputy/utilities/clear_screen.go:22.28,26.3 3 0
github.com/techievee/deputy/utilities/clear_screen.go:28.27,32.3 3 1
github.com/techievee/deputy/utilities/clear_screen.go:35.18,38.8 2 1
github.com/techievee/deputy/utilities/clear_screen.go:38.8,40.3 1 1
github.com/techievee/deputy/utilities/clear_screen.go:40.9,42.3 0 0
github.com/techievee/deputy/utilities/string_processor.go:11.39,13.16 2 1
github.com/techievee/deputy/utilities/string_processor.go:16.2,17.20 2 1
github.com/techievee/deputy/utilities/string_processor.go:13.16,15.3 1 0
github.com/techievee/deputy/utilities/string_processor.go:22.34,24.16 2 1
github.com/techievee/deputy/utilities/string_processor.go:29.2,31.23 3 1
github.com/techievee/deputy/utilities/string_processor.go:36.2,41.24 4 1
github.com/techievee/deputy/utilities/string_processor.go:46.2,46.15 1 1
github.com/techievee/deputy/utilities/string_processor.go:24.16,26.3 1 0
github.com/techievee/deputy/utilities/string_processor.go:31.23,33.3 1 0
github.com/techievee/deputy/utilities/string_processor.go:41.24,45.3 3 0
github.com/techievee/deputy/indexer/indexer.go:30.43,44.2 5 1
github.com/techievee/deputy/indexer/indexer.go:47.41,62.2 7 1
github.com/techievee/deputy/indexer/indexer.go:65.78,70.31 2 1
github.com/techievee/deputy/indexer/indexer.go:73.2,76.34 2 1
github.com/techievee/deputy/indexer/indexer.go:81.2,81.8 1 1
github.com/techievee/deputy/indexer/indexer.go:70.31,72.3 1 0
github.com/techievee/deputy/indexer/indexer.go:76.34,80.3 3 1
github.com/techievee/deputy/indexer/indexer.go:85.68,89.31 2 1
github.com/techievee/deputy/indexer/indexer.go:92.2,95.34 2 1
github.com/techievee/deputy/indexer/indexer.go:100.2,100.8 1 1
github.com/techievee/deputy/indexer/indexer.go:89.31,91.3 1 0
github.com/techievee/deputy/indexer/indexer.go:95.34,99.3 3 1
github.com/techievee/deputy/indexer/indexer.go:104.63,108.31 2 1
github.com/techievee/deputy/indexer/indexer.go:111.2,114.34 2 1
github.com/techievee/deputy/indexer/indexer.go:119.2,119.8 1 1
github.com/techievee/deputy/indexer/indexer.go:108.31,110.3 1 0
github.com/techievee/deputy/indexer/indexer.go:114.34,118.3 3 1
github.com/techievee/deputy/indexer/indexer.go:123.68,127.31 2 1
github.com/techievee/deputy/indexer/indexer.go:137.2,137.17 1 1
github.com/techievee/deputy/indexer/indexer.go:127.31,128.83 1 1
github.com/techievee/deputy/indexer/indexer.go:128.83,129.35 1 1
github.com/techievee/deputy/indexer/indexer.go:129.35,132.5 2 1
github.com/techievee/deputy/indexer/indexer.go:142.79,149.76 3 1
github.com/techievee/deputy/indexer/indexer.go:192.2,192.22 1 1
github.com/techievee/deputy/indexer/indexer.go:149.76,151.62 1 1
github.com/techievee/deputy/indexer/indexer.go:151.62,162.43 4 1
github.com/techievee/deputy/indexer/indexer.go:174.4,174.70 1 1
github.com/techievee/deputy/indexer/indexer.go:162.43,165.40 1 1
github.com/techievee/deputy/indexer/indexer.go:165.40,169.6 2 1
github.com/techievee/deputy/indexer/indexer.go:174.70,180.44 2 1
github.com/techievee/deputy/indexer/indexer.go:180.44,181.41 1 1
github.com/techievee/deputy/indexer/indexer.go:181.41,185.7 2 1
github.com/techievee/deputy/indexer/indexer.go:197.66,201.76 2 1
github.com/techievee/deputy/indexer/indexer.go:206.2,206.14 1 1
github.com/techievee/deputy/indexer/indexer.go:201.76,202.32 1 1
github.com/techievee/deputy/indexer/indexer.go:202.32,204.4 1 1
github.com/techievee/deputy/indexer/indexer.go:210.65,216.31 3 1
github.com/techievee/deputy/indexer/indexer.go:221.2,222.24 2 1
github.com/techievee/deputy/indexer/indexer.go:230.2,231.16 2 1
github.com/techievee/deputy/indexer/indexer.go:235.2,235.10 1 1
github.com/techievee/deputy/indexer/indexer.go:216.31,219.3 2 0
github.com/techievee/deputy/indexer/indexer.go:222.24,225.3 2 1
github.com/techievee/deputy/indexer/indexer.go:231.16,234.3 2 0
github.com/techievee/deputy/console/console.go:29.52,68.2 6 1
github.com/techievee/deputy/console/console.go:71.36,80.6 4 1
github.com/techievee/deputy/console/console.go:80.6,83.17 2 1
github.com/techievee/deputy/console/console.go:87.3,87.19 1 0
github.com/techievee/deputy/console/console.go:92.3,93.17 2 0
github.com/techievee/deputy/console/console.go:99.3,99.53 1 0
github.com/techievee/deputy/console/console.go:104.3,108.24 3 0
github.com/techievee/deputy/console/console.go:83.17,86.4 2 1
github.com/techievee/deputy/console/console.go:87.19,89.4 1 0
github.com/techievee/deputy/console/console.go:93.17,96.4 2 0
github.com/techievee/deputy/console/console.go:99.53,101.4 1 0
github.com/techievee/deputy/console/console.go:115.58,117.2 1 1
github.com/techievee/deputy/console/console.go:120.33,124.2 2 1
github.com/techievee/deputy/console/console.go:127.44,134.2 4 1
github.com/techievee/deputy/console/console.go:137.48,139.36 1 1
github.com/techievee/deputy/console/console.go:143.2,143.41 1 1
github.com/techievee/deputy/console/console.go:146.2,146.12 1 1
github.com/techievee/deputy/console/console.go:139.36,141.3 1 1
github.com/techievee/deputy/console/console.go:143.41,145.3 1 1
github.com/techievee/deputy/console/console.go:151.45,154.31 2 1
github.com/techievee/deputy/console/console.go:159.2,159.13 1 1
github.com/techievee/deputy/console/console.go:154.31,157.3 1 1
github.com/techievee/deputy/console/console.go:163.72,166.2 2 1
github.com/techievee/deputy/console/console.go:169.52,173.43 2 1
github.com/techievee/deputy/console/console.go:178.2,178.52 1 1
github.com/techievee/deputy/console/console.go:181.2,182.36 2 1
github.com/techievee/deputy/console/console.go:173.43,176.3 2 0
github.com/techievee/deputy/console/console.go:178.52,180.3 1 0
github.com/techievee/deputy/console/console.go:186.58,196.16 8 1
github.com/techievee/deputy/console/console.go:201.2,204.12 4 1
github.com/techievee/deputy/console/console.go:196.16,198.3 1 0
